<?xml version="1.0" encoding="UTF-8"?>
<testng-results ignored="0" total="1" passed="1" failed="0" skipped="0">
  <reporter-output>
  </reporter-output>
  <suite started-at="2025-06-26T00:09:01 GMT+07:00" name="Surefire suite" finished-at="2025-06-26T00:09:06 GMT+07:00" duration-ms="5137">
    <groups>
    </groups>
    <test started-at="2025-06-26T00:09:01 GMT+07:00" name="Surefire test" finished-at="2025-06-26T00:09:06 GMT+07:00" duration-ms="5137">
      <class name="test.java.tests.TestScenario1">
        <test-method is-config="true" signature="setupClass()[pri:0, instance:test.java.tests.TestScenario1@2f112965]" started-at="2025-06-26T00:09:01 GMT+07:00" name="setupClass" finished-at="2025-06-26T00:09:01 GMT+07:00" duration-ms="242" status="PASS">
          <reporter-output>
          </reporter-output>
        </test-method> <!-- setupClass -->
        <test-method is-config="true" signature="setup()[pri:0, instance:test.java.tests.TestScenario1@2f112965]" started-at="2025-06-26T00:09:01 GMT+07:00" name="setup" finished-at="2025-06-26T00:09:05 GMT+07:00" duration-ms="3456" status="PASS">
          <reporter-output>
          </reporter-output>
        </test-method> <!-- setup -->
        <test-method signature="testScenario1_AddTwoProductsAndCheckout()[pri:0, instance:test.java.tests.TestScenario1@2f112965]" started-at="2025-06-26T00:09:05 GMT+07:00" name="testScenario1_AddTwoProductsAndCheckout" finished-at="2025-06-26T00:09:06 GMT+07:00" duration-ms="1258" status="PASS">
          <reporter-output>
          </reporter-output>
        </test-method> <!-- testScenario1_AddTwoProductsAndCheckout -->
        <test-method is-config="true" signature="tearDown()[pri:0, instance:test.java.tests.TestScenario1@2f112965]" started-at="2025-06-26T00:09:06 GMT+07:00" name="tearDown" finished-at="2025-06-26T00:09:06 GMT+07:00" duration-ms="150" status="PASS">
          <reporter-output>
          </reporter-output>
        </test-method> <!-- tearDown -->
      </class> <!-- test.java.tests.TestScenario1 -->
    </test> <!-- Surefire test -->
  </suite> <!-- Surefire suite -->
</testng-results>
