<?xml version="1.0" encoding="UTF-8"?>
<testng-results ignored="0" total="1" passed="1" failed="0" skipped="0">
  <reporter-output>
  </reporter-output>
  <suite started-at="2025-06-27T12:51:09 GMT+07:00" name="Surefire suite" finished-at="2025-06-27T12:51:11 GMT+07:00" duration-ms="2305">
    <groups>
    </groups>
    <test started-at="2025-06-27T12:51:09 GMT+07:00" name="Surefire test" finished-at="2025-06-27T12:51:11 GMT+07:00" duration-ms="2305">
      <class name="tests.TestScenario2">
        <test-method is-config="true" signature="setupClass()[pri:0, instance:tests.TestScenario2@2f112965]" started-at="2025-06-27T12:51:09 GMT+07:00" name="setupClass" finished-at="2025-06-27T12:51:09 GMT+07:00" duration-ms="195" status="PASS">
          <reporter-output>
          </reporter-output>
        </test-method> <!-- setupClass -->
        <test-method is-config="true" signature="setup()[pri:0, instance:tests.TestScenario2@2f112965]" started-at="2025-06-27T12:51:09 GMT+07:00" name="setup" finished-at="2025-06-27T12:51:10 GMT+07:00" duration-ms="1707" status="PASS">
          <reporter-output>
          </reporter-output>
        </test-method> <!-- setup -->
        <test-method signature="testLockedOutUserCannotLogin()[pri:0, instance:tests.TestScenario2@2f112965]" started-at="2025-06-27T12:51:10 GMT+07:00" name="testLockedOutUserCannotLogin" finished-at="2025-06-27T12:51:11 GMT+07:00" duration-ms="264" status="PASS">
          <reporter-output>
          </reporter-output>
        </test-method> <!-- testLockedOutUserCannotLogin -->
        <test-method is-config="true" signature="tearDown()[pri:0, instance:tests.TestScenario2@2f112965]" started-at="2025-06-27T12:51:11 GMT+07:00" name="tearDown" finished-at="2025-06-27T12:51:11 GMT+07:00" duration-ms="127" status="PASS">
          <reporter-output>
          </reporter-output>
        </test-method> <!-- tearDown -->
      </class> <!-- tests.TestScenario2 -->
    </test> <!-- Surefire test -->
  </suite> <!-- Surefire suite -->
</testng-results>
